# JRE version: Java(TM) SE Runtime Environment (8.0_60-b27) (build 1.8.0_60-b27)
# Java VM: Java HotSpot(TM) 64-Bit Server VM (25.60-b23 mixed mode windows-amd64 compressed oops)
Heap:
 PSYoungGen      total 278016K, used 248039K [0x00000000eab00000, 0x0000000100000000, 0x0000000100000000)
  eden space 209920K, 100% used [0x00000000eab00000,0x00000000f7800000,0x00000000f7800000)
  from space 68096K, 55% used [0x00000000fbd80000,0x00000000fe2b9ea8,0x0000000100000000)
  to   space 69632K, 29% used [0x00000000f7800000,0x00000000f8bff928,0x00000000fbc00000)
 ParOldGen       total 242688K, used 147004K [0x00000000c0000000, 0x00000000ced00000, 0x00000000eab00000)
  object space 242688K, 60% used [0x00000000c0000000,0x00000000c8f8f008,0x00000000ced00000)
 Metaspace       used 6649K, capacity 7320K, committed 7680K, reserved 1056768K
  class space    used 631K, capacity 656K, committed 768K, reserved 1048576K
GC Heap History (10 events):
Event: 10.447 GC heap after
Heap after GC invocations=11 (full 2):
 PSYoungGen      total 265216K, used 12242K [0x00000000eab00000, 0x00000000fe800000, 0x0000000100000000)
  eden space 235520K, 0% used [0x00000000eab00000,0x00000000eab00000,0x00000000f9100000)
  from space 29696K, 41% used [0x00000000f9600000,0x00000000fa1f4818,0x00000000fb300000)
  to   space 44544K, 0% used [0x00000000fbc80000,0x00000000fbc80000,0x00000000fe800000)
 ParOldGen       total 147456K, used 82043K [0x00000000c0000000, 0x00000000c9000000, 0x00000000eab00000)
  object space 147456K, 55% used [0x00000000c0000000,0x00000000c501ed40,0x00000000c9000000)
 Metaspace       used 6499K, capacity 7256K, committed 7424K, reserved 1056768K
  class space    used 620K, capacity 656K, committed 768K, reserved 1048576K
}
Event: 12.098 GC heap before
{Heap before GC invocations=12 (full 2):
 PSYoungGen      total 265216K, used 247762K [0x00000000eab00000, 0x00000000fe800000, 0x0000000100000000)
  eden space 235520K, 100% used [0x00000000eab00000,0x00000000f9100000,0x00000000f9100000)
  from space 29696K, 41% used [0x00000000f9600000,0x00000000fa1f4818,0x00000000fb300000)
  to   space 44544K, 0% used [0x00000000fbc80000,0x00000000fbc80000,0x00000000fe800000)
 ParOldGen       total 147456K, used 82043K [0x00000000c0000000, 0x00000000c9000000, 0x00000000eab00000)
  object space 147456K, 55% used [0x00000000c0000000,0x00000000c501ed40,0x00000000c9000000)
 Metaspace       used 6522K, capacity 7320K, committed 7680K, reserved 1056768K
  class space    used 620K, capacity 656K, committed 768K, reserved 1048576K
Event: 12.274 GC heap after
Heap after GC invocations=12 (full 2):
 PSYoungGen      total 273408K, used 42570K [0x00000000eab00000, 0x0000000100000000, 0x0000000100000000)
  eden space 228864K, 0% used [0x00000000eab00000,0x00000000eab00000,0x00000000f8a80000)
  from space 44544K, 95% used [0x00000000fbc80000,0x00000000fe612810,0x00000000fe800000)
  to   space 51200K, 0% used [0x00000000f8a80000,0x00000000f8a80000,0x00000000fbc80000)
 ParOldGen       total 147456K, used 87997K [0x00000000c0000000, 0x00000000c9000000, 0x00000000eab00000)
  object space 147456K, 59% used [0x00000000c0000000,0x00000000c55ef658,0x00000000c9000000)
 Metaspace       used 6522K, capacity 7320K, committed 7680K, reserved 1056768K
  class space    used 620K, capacity 656K, committed 768K, reserved 1048576K
}
Event: 13.447 GC heap before
{Heap before GC invocations=13 (full 2):
 PSYoungGen      total 273408K, used 271434K [0x00000000eab00000, 0x0000000100000000, 0x0000000100000000)
  eden space 228864K, 100% used [0x00000000eab00000,0x00000000f8a80000,0x00000000f8a80000)
  from space 44544K, 95% used [0x00000000fbc80000,0x00000000fe612810,0x00000000fe800000)
  to   space 51200K, 0% used [0x00000000f8a80000,0x00000000f8a80000,0x00000000fbc80000)
 ParOldGen       total 147456K, used 87997K [0x00000000c0000000, 0x00000000c9000000, 0x00000000eab00000)
  object space 147456K, 59% used [0x00000000c0000000,0x00000000c55ef658,0x00000000c9000000)
 Metaspace       used 6535K, capacity 7320K, committed 7680K, reserved 1056768K
  class space    used 620K, capacity 656K, committed 768K, reserved 1048576K
Event: 13.583 GC heap after
Heap after GC invocations=13 (full 2):
 PSYoungGen      total 280064K, used 51190K [0x00000000eab00000, 0x0000000100000000, 0x0000000100000000)
  eden space 228864K, 0% used [0x00000000eab00000,0x00000000eab00000,0x00000000f8a80000)
  from space 51200K, 99% used [0x00000000f8a80000,0x00000000fbc7d978,0x00000000fbc80000)
  to   space 68096K, 0% used [0x00000000fbd80000,0x00000000fbd80000,0x0000000100000000)
 ParOldGen       total 147456K, used 111330K [0x00000000c0000000, 0x00000000c9000000, 0x00000000eab00000)
  object space 147456K, 75% used [0x00000000c0000000,0x00000000c6cb88c0,0x00000000c9000000)
 Metaspace       used 6535K, capacity 7320K, committed 7680K, reserved 1056768K
  class space    used 620K, capacity 656K, committed 768K, reserved 1048576K
}
Event: 14.471 GC heap before
{Heap before GC invocations=14 (full 2):
 PSYoungGen      total 280064K, used 280054K [0x00000000eab00000, 0x0000000100000000, 0x0000000100000000)
  eden space 228864K, 100% used [0x00000000eab00000,0x00000000f8a80000,0x00000000f8a80000)
  from space 51200K, 99% used [0x00000000f8a80000,0x00000000fbc7d978,0x00000000fbc80000)
  to   space 68096K, 0% used [0x00000000fbd80000,0x00000000fbd80000,0x0000000100000000)
 ParOldGen       total 147456K, used 111330K [0x00000000c0000000, 0x00000000c9000000, 0x00000000eab00000)
  object space 147456K, 75% used [0x00000000c0000000,0x00000000c6cb88c0,0x00000000c9000000)
 Metaspace       used 6642K, capacity 7320K, committed 7680K, reserved 1056768K
  class space    used 631K, capacity 656K, committed 768K, reserved 1048576K
Event: 14.619 GC heap after
Heap after GC invocations=14 (full 2):
 PSYoungGen      total 278016K, used 40996K [0x00000000eab00000, 0x0000000100000000, 0x0000000100000000)
  eden space 209920K, 0% used [0x00000000eab00000,0x00000000eab00000,0x00000000f7800000)
  from space 68096K, 60% used [0x00000000fbd80000,0x00000000fe589340,0x0000000100000000)
  to   space 69632K, 0% used [0x00000000f7800000,0x00000000f7800000,0x00000000fbc00000)
 ParOldGen       total 147456K, used 147071K [0x00000000c0000000, 0x00000000c9000000, 0x00000000eab00000)
  object space 147456K, 99% used [0x00000000c0000000,0x00000000c8f9fd70,0x00000000c9000000)
 Metaspace       used 6642K, capacity 7320K, committed 7680K, reserved 1056768K
  class space    used 631K, capacity 656K, committed 768K, reserved 1048576K
}
Event: 14.619 GC heap before
{Heap before GC invocations=15 (full 3):
 PSYoungGen      total 278016K, used 40996K [0x00000000eab00000, 0x0000000100000000, 0x0000000100000000)
  eden space 209920K, 0% used [0x00000000eab00000,0x00000000eab00000,0x00000000f7800000)
  from space 68096K, 60% used [0x00000000fbd80000,0x00000000fe589340,0x0000000100000000)
  to   space 69632K, 0% used [0x00000000f7800000,0x00000000f7800000,0x00000000fbc00000)
 ParOldGen       total 147456K, used 147071K [0x00000000c0000000, 0x00000000c9000000, 0x00000000eab00000)
  object space 147456K, 99% used [0x00000000c0000000,0x00000000c8f9fd70,0x00000000c9000000)
 Metaspace       used 6642K, capacity 7320K, committed 7680K, reserved 1056768K
  class space    used 631K, capacity 656K, committed 768K, reserved 1048576K
Event: 16.592 GC heap after
Heap after GC invocations=15 (full 3):
 PSYoungGen      total 278016K, used 38119K [0x00000000eab00000, 0x0000000100000000, 0x0000000100000000)
  eden space 209920K, 0% used [0x00000000eab00000,0x00000000eab00000,0x00000000f7800000)
  from space 68096K, 55% used [0x00000000fbd80000,0x00000000fe2b9ea8,0x0000000100000000)
  to   space 69632K, 0% used [0x00000000f7800000,0x00000000f7800000,0x00000000fbc00000)
 ParOldGen       total 242688K, used 147004K [0x00000000c0000000, 0x00000000ced00000, 0x00000000eab00000)
  object space 242688K, 60% used [0x00000000c0000000,0x00000000c8f8f008,0x00000000ced00000)
 Metaspace       used 6642K, capacity 7320K, committed 7680K, reserved 1056768K
  class space    used 631K, capacity 656K, committed 768K, reserved 1048576K
}
Event: 17.302 GC heap before
{Heap before GC invocations=16 (full 3):
 PSYoungGen      total 278016K, used 248039K [0x00000000eab00000, 0x0000000100000000, 0x0000000100000000)
  eden space 209920K, 100% used [0x00000000eab00000,0x00000000f7800000,0x00000000f7800000)
  from space 68096K, 55% used [0x00000000fbd80000,0x00000000fe2b9ea8,0x0000000100000000)
  to   space 69632K, 0% used [0x00000000f7800000,0x00000000f7800000,0x00000000fbc00000)
 ParOldGen       total 242688K, used 147004K [0x00000000c0000000, 0x00000000ced00000, 0x00000000eab00000)
  object space 242688K, 60% used [0x00000000c0000000,0x00000000c8f8f008,0x00000000ced00000)
 Metaspace       used 6649K, capacity 7320K, committed 7680K, reserved 1056768K
  class space    used 631K, capacity 656K, committed 768K, reserved 1048576K

