# JRE version: Java(TM) SE Runtime Environment (8.0_60-b27) (build 1.8.0_60-b27)
# Java VM: Java HotSpot(TM) 64-Bit Server VM (25.60-b23 mixed mode windows-amd64 compressed oops)
Heap:
 PSYoungGen      total 270848K, used 200869K [0x00000000eab00000, 0x0000000100000000, 0x0000000100000000)
  eden space 205824K, 66% used [0x00000000eab00000,0x00000000f3014278,0x00000000f7400000)
  from space 65024K, 99% used [0x00000000f7400000,0x00000000fb315420,0x00000000fb380000)
  to   space 78336K, 0% used [0x00000000fb380000,0x00000000fb380000,0x0000000100000000)
 ParOldGen       total 232448K, used 143575K [0x00000000c0000000, 0x00000000ce300000, 0x00000000eab00000)
  object space 232448K, 61% used [0x00000000c0000000,0x00000000c8c35ed0,0x00000000ce300000)
 Metaspace       used 6645K, capacity 7320K, committed 7680K, reserved 1056768K
  class space    used 631K, capacity 656K, committed 768K, reserved 1048576K
GC Heap History (10 events):
Event: 11.769 GC heap before
{Heap before GC invocations=12 (full 2):
 PSYoungGen      total 270336K, used 254384K [0x00000000eab00000, 0x00000000ffb00000, 0x0000000100000000)
  eden space 240640K, 100% used [0x00000000eab00000,0x00000000f9600000,0x00000000f9600000)
  from space 29696K, 46% used [0x00000000f9600000,0x00000000fa36c268,0x00000000fb300000)
  to   space 45056K, 0% used [0x00000000fcf00000,0x00000000fcf00000,0x00000000ffb00000)
 ParOldGen       total 143360K, used 81632K [0x00000000c0000000, 0x00000000c8c00000, 0x00000000eab00000)
  object space 143360K, 56% used [0x00000000c0000000,0x00000000c4fb8290,0x00000000c8c00000)
 Metaspace       used 6518K, capacity 7320K, committed 7680K, reserved 1056768K
  class space    used 621K, capacity 656K, committed 768K, reserved 1048576K
Event: 11.912 GC heap after
Heap after GC invocations=12 (full 2):
 PSYoungGen      total 289792K, used 44405K [0x00000000eab00000, 0x0000000100000000, 0x0000000100000000)
  eden space 244736K, 0% used [0x00000000eab00000,0x00000000eab00000,0x00000000f9a00000)
  from space 45056K, 98% used [0x00000000fcf00000,0x00000000ffa5d4b0,0x00000000ffb00000)
  to   space 52224K, 0% used [0x00000000f9a00000,0x00000000f9a00000,0x00000000fcd00000)
 ParOldGen       total 143360K, used 88368K [0x00000000c0000000, 0x00000000c8c00000, 0x00000000eab00000)
  object space 143360K, 61% used [0x00000000c0000000,0x00000000c564c310,0x00000000c8c00000)
 Metaspace       used 6518K, capacity 7320K, committed 7680K, reserved 1056768K
  class space    used 621K, capacity 656K, committed 768K, reserved 1048576K
}
Event: 12.953 GC heap before
{Heap before GC invocations=13 (full 2):
 PSYoungGen      total 289792K, used 289141K [0x00000000eab00000, 0x0000000100000000, 0x0000000100000000)
  eden space 244736K, 100% used [0x00000000eab00000,0x00000000f9a00000,0x00000000f9a00000)
  from space 45056K, 98% used [0x00000000fcf00000,0x00000000ffa5d4b0,0x00000000ffb00000)
  to   space 52224K, 0% used [0x00000000f9a00000,0x00000000f9a00000,0x00000000fcd00000)
 ParOldGen       total 143360K, used 88368K [0x00000000c0000000, 0x00000000c8c00000, 0x00000000eab00000)
  object space 143360K, 61% used [0x00000000c0000000,0x00000000c564c310,0x00000000c8c00000)
 Metaspace       used 6520K, capacity 7320K, committed 7680K, reserved 1056768K
  class space    used 621K, capacity 656K, committed 768K, reserved 1048576K
Event: 13.068 GC heap after
Heap after GC invocations=13 (full 2):
 PSYoungGen      total 296960K, used 52218K [0x00000000eab00000, 0x0000000100000000, 0x0000000100000000)
  eden space 244736K, 0% used [0x00000000eab00000,0x00000000eab00000,0x00000000f9a00000)
  from space 52224K, 99% used [0x00000000f9a00000,0x00000000fccfe9a8,0x00000000fcd00000)
  to   space 52224K, 0% used [0x00000000fcd00000,0x00000000fcd00000,0x0000000100000000)
 ParOldGen       total 143360K, used 112174K [0x00000000c0000000, 0x00000000c8c00000, 0x00000000eab00000)
  object space 143360K, 78% used [0x00000000c0000000,0x00000000c6d8bab0,0x00000000c8c00000)
 Metaspace       used 6520K, capacity 7320K, committed 7680K, reserved 1056768K
  class space    used 621K, capacity 656K, committed 768K, reserved 1048576K
}
Event: 14.010 GC heap before
{Heap before GC invocations=14 (full 2):
 PSYoungGen      total 296960K, used 296954K [0x00000000eab00000, 0x0000000100000000, 0x0000000100000000)
  eden space 244736K, 100% used [0x00000000eab00000,0x00000000f9a00000,0x00000000f9a00000)
  from space 52224K, 99% used [0x00000000f9a00000,0x00000000fccfe9a8,0x00000000fcd00000)
  to   space 52224K, 0% used [0x00000000fcd00000,0x00000000fcd00000,0x0000000100000000)
 ParOldGen       total 143360K, used 112174K [0x00000000c0000000, 0x00000000c8c00000, 0x00000000eab00000)
  object space 143360K, 78% used [0x00000000c0000000,0x00000000c6d8bab0,0x00000000c8c00000)
 Metaspace       used 6627K, capacity 7320K, committed 7680K, reserved 1056768K
  class space    used 630K, capacity 656K, committed 768K, reserved 1048576K
Event: 14.169 GC heap after
Heap after GC invocations=14 (full 2):
 PSYoungGen      total 258048K, used 44134K [0x00000000eab00000, 0x0000000100000000, 0x0000000100000000)
  eden space 205824K, 0% used [0x00000000eab00000,0x00000000eab00000,0x00000000f7400000)
  from space 52224K, 84% used [0x00000000fcd00000,0x00000000ff819848,0x0000000100000000)
  to   space 71680K, 0% used [0x00000000f7400000,0x00000000f7400000,0x00000000fba00000)
 ParOldGen       total 143872K, used 143703K [0x00000000c0000000, 0x00000000c8c80000, 0x00000000eab00000)
  object space 143872K, 99% used [0x00000000c0000000,0x00000000c8c55ff8,0x00000000c8c80000)
 Metaspace       used 6627K, capacity 7320K, committed 7680K, reserved 1056768K
  class space    used 630K, capacity 656K, committed 768K, reserved 1048576K
}
Event: 14.169 GC heap before
{Heap before GC invocations=15 (full 3):
 PSYoungGen      total 258048K, used 44134K [0x00000000eab00000, 0x0000000100000000, 0x0000000100000000)
  eden space 205824K, 0% used [0x00000000eab00000,0x00000000eab00000,0x00000000f7400000)
  from space 52224K, 84% used [0x00000000fcd00000,0x00000000ff819848,0x0000000100000000)
  to   space 71680K, 0% used [0x00000000f7400000,0x00000000f7400000,0x00000000fba00000)
 ParOldGen       total 143872K, used 143703K [0x00000000c0000000, 0x00000000c8c80000, 0x00000000eab00000)
  object space 143872K, 99% used [0x00000000c0000000,0x00000000c8c55ff8,0x00000000c8c80000)
 Metaspace       used 6627K, capacity 7320K, committed 7680K, reserved 1056768K
  class space    used 630K, capacity 656K, committed 768K, reserved 1048576K
Event: 15.917 GC heap after
Heap after GC invocations=15 (full 3):
 PSYoungGen      total 258048K, used 40163K [0x00000000eab00000, 0x0000000100000000, 0x0000000100000000)
  eden space 205824K, 0% used [0x00000000eab00000,0x00000000eab00000,0x00000000f7400000)
  from space 52224K, 76% used [0x00000000fcd00000,0x00000000ff438c38,0x0000000100000000)
  to   space 71680K, 0% used [0x00000000f7400000,0x00000000f7400000,0x00000000fba00000)
 ParOldGen       total 232448K, used 143575K [0x00000000c0000000, 0x00000000ce300000, 0x00000000eab00000)
  object space 232448K, 61% used [0x00000000c0000000,0x00000000c8c35ed0,0x00000000ce300000)
 Metaspace       used 6627K, capacity 7320K, committed 7680K, reserved 1056768K
  class space    used 630K, capacity 656K, committed 768K, reserved 1048576K
}
Event: 16.653 GC heap before
{Heap before GC invocations=16 (full 3):
 PSYoungGen      total 258048K, used 245987K [0x00000000eab00000, 0x0000000100000000, 0x0000000100000000)
  eden space 205824K, 100% used [0x00000000eab00000,0x00000000f7400000,0x00000000f7400000)
  from space 52224K, 76% used [0x00000000fcd00000,0x00000000ff438c38,0x0000000100000000)
  to   space 71680K, 0% used [0x00000000f7400000,0x00000000f7400000,0x00000000fba00000)
 ParOldGen       total 232448K, used 143575K [0x00000000c0000000, 0x00000000ce300000, 0x00000000eab00000)
  object space 232448K, 61% used [0x00000000c0000000,0x00000000c8c35ed0,0x00000000ce300000)
 Metaspace       used 6635K, capacity 7320K, committed 7680K, reserved 1056768K
  class space    used 630K, capacity 656K, committed 768K, reserved 1048576K
Event: 16.779 GC heap after
Heap after GC invocations=16 (full 3):
 PSYoungGen      total 270848K, used 64597K [0x00000000eab00000, 0x0000000100000000, 0x0000000100000000)
  eden space 205824K, 0% used [0x00000000eab00000,0x00000000eab00000,0x00000000f7400000)
  from space 65024K, 99% used [0x00000000f7400000,0x00000000fb315420,0x00000000fb380000)
  to   space 78336K, 0% used [0x00000000fb380000,0x00000000fb380000,0x0000000100000000)
 ParOldGen       total 232448K, used 143575K [0x00000000c0000000, 0x00000000ce300000, 0x00000000eab00000)
  object space 232448K, 61% used [0x00000000c0000000,0x00000000c8c35ed0,0x00000000ce300000)
 Metaspace       used 6635K, capacity 7320K, committed 7680K, reserved 1056768K
  class space    used 630K, capacity 656K, committed 768K, reserved 1048576K
}

