# JRE version: Java(TM) SE Runtime Environment (8.0_60-b27) (build 1.8.0_60-b27)
# Java VM: Java HotSpot(TM) 64-Bit Server VM (25.60-b23 mixed mode windows-amd64 compressed oops)
Heap:
 PSYoungGen      total 246784K, used 230705K [0x00000000eab00000, 0x0000000100000000, 0x0000000100000000)
  eden space 171008K, 90% used [0x00000000eab00000,0x00000000f4252240,0x00000000f5200000)
  from space 75776K, 99% used [0x00000000fb600000,0x00000000ffffa4e0,0x0000000100000000)
  to   space 89088K, 0% used [0x00000000f5200000,0x00000000f5200000,0x00000000fa900000)
 ParOldGen       total 240128K, used 148494K [0x00000000c0000000, 0x00000000cea80000, 0x00000000eab00000)
  object space 240128K, 61% used [0x00000000c0000000,0x00000000c91039b0,0x00000000cea80000)
 Metaspace       used 6645K, capacity 7320K, committed 7680K, reserved 1056768K
  class space    used 630K, capacity 656K, committed 768K, reserved 1048576K
GC Heap History (10 events):
Event: 12.872 GC heap before
{Heap before GC invocations=13 (full 2):
 PSYoungGen      total 272384K, used 271461K [0x00000000eab00000, 0x0000000100000000, 0x0000000100000000)
  eden space 228352K, 100% used [0x00000000eab00000,0x00000000f8a00000,0x00000000f8a00000)
  from space 44032K, 97% used [0x00000000fbb80000,0x00000000fe599788,0x00000000fe680000)
  to   space 50688K, 0% used [0x00000000f8a00000,0x00000000f8a00000,0x00000000fbb80000)
 ParOldGen       total 145408K, used 85304K [0x00000000c0000000, 0x00000000c8e00000, 0x00000000eab00000)
  object space 145408K, 58% used [0x00000000c0000000,0x00000000c534e260,0x00000000c8e00000)
 Metaspace       used 6522K, capacity 7256K, committed 7424K, reserved 1056768K
  class space    used 621K, capacity 656K, committed 768K, reserved 1048576K
Event: 13.008 GC heap after
Heap after GC invocations=13 (full 2):
 PSYoungGen      total 279040K, used 50657K [0x00000000eab00000, 0x0000000100000000, 0x0000000100000000)
  eden space 228352K, 0% used [0x00000000eab00000,0x00000000eab00000,0x00000000f8a00000)
  from space 50688K, 99% used [0x00000000f8a00000,0x00000000fbb784f0,0x00000000fbb80000)
  to   space 68608K, 0% used [0x00000000fbd00000,0x00000000fbd00000,0x0000000100000000)
 ParOldGen       total 145408K, used 110974K [0x00000000c0000000, 0x00000000c8e00000, 0x00000000eab00000)
  object space 145408K, 76% used [0x00000000c0000000,0x00000000c6c5f838,0x00000000c8e00000)
 Metaspace       used 6522K, capacity 7256K, committed 7424K, reserved 1056768K
  class space    used 621K, capacity 656K, committed 768K, reserved 1048576K
}
Event: 14.154 GC heap before
{Heap before GC invocations=14 (full 2):
 PSYoungGen      total 279040K, used 279009K [0x00000000eab00000, 0x0000000100000000, 0x0000000100000000)
  eden space 228352K, 100% used [0x00000000eab00000,0x00000000f8a00000,0x00000000f8a00000)
  from space 50688K, 99% used [0x00000000f8a00000,0x00000000fbb784f0,0x00000000fbb80000)
  to   space 68608K, 0% used [0x00000000fbd00000,0x00000000fbd00000,0x0000000100000000)
 ParOldGen       total 145408K, used 110974K [0x00000000c0000000, 0x00000000c8e00000, 0x00000000eab00000)
  object space 145408K, 76% used [0x00000000c0000000,0x00000000c6c5f838,0x00000000c8e00000)
 Metaspace       used 6628K, capacity 7320K, committed 7680K, reserved 1056768K
  class space    used 630K, capacity 656K, committed 768K, reserved 1048576K
Event: 14.315 GC heap after
Heap after GC invocations=14 (full 2):
 PSYoungGen      total 277504K, used 41365K [0x00000000eab00000, 0x0000000100000000, 0x0000000100000000)
  eden space 208896K, 0% used [0x00000000eab00000,0x00000000eab00000,0x00000000f7700000)
  from space 68608K, 60% used [0x00000000fbd00000,0x00000000fe5656c8,0x0000000100000000)
  to   space 70144K, 0% used [0x00000000f7700000,0x00000000f7700000,0x00000000fbb80000)
 ParOldGen       total 145408K, used 144597K [0x00000000c0000000, 0x00000000c8e00000, 0x00000000eab00000)
  object space 145408K, 99% used [0x00000000c0000000,0x00000000c8d354f8,0x00000000c8e00000)
 Metaspace       used 6628K, capacity 7320K, committed 7680K, reserved 1056768K
  class space    used 630K, capacity 656K, committed 768K, reserved 1048576K
}
Event: 14.315 GC heap before
{Heap before GC invocations=15 (full 3):
 PSYoungGen      total 277504K, used 41365K [0x00000000eab00000, 0x0000000100000000, 0x0000000100000000)
  eden space 208896K, 0% used [0x00000000eab00000,0x00000000eab00000,0x00000000f7700000)
  from space 68608K, 60% used [0x00000000fbd00000,0x00000000fe5656c8,0x0000000100000000)
  to   space 70144K, 0% used [0x00000000f7700000,0x00000000f7700000,0x00000000fbb80000)
 ParOldGen       total 145408K, used 144597K [0x00000000c0000000, 0x00000000c8e00000, 0x00000000eab00000)
  object space 145408K, 99% used [0x00000000c0000000,0x00000000c8d354f8,0x00000000c8e00000)
 Metaspace       used 6628K, capacity 7320K, committed 7680K, reserved 1056768K
  class space    used 630K, capacity 656K, committed 768K, reserved 1048576K
Event: 16.144 GC heap after
Heap after GC invocations=15 (full 3):
 PSYoungGen      total 277504K, used 36419K [0x00000000eab00000, 0x0000000100000000, 0x0000000100000000)
  eden space 208896K, 0% used [0x00000000eab00000,0x00000000eab00000,0x00000000f7700000)
  from space 68608K, 53% used [0x00000000fbd00000,0x00000000fe090d00,0x0000000100000000)
  to   space 70144K, 0% used [0x00000000f7700000,0x00000000f7700000,0x00000000fbb80000)
 ParOldGen       total 240128K, used 145132K [0x00000000c0000000, 0x00000000cea80000, 0x00000000eab00000)
  object space 240128K, 60% used [0x00000000c0000000,0x00000000c8dbb3b0,0x00000000cea80000)
 Metaspace       used 6628K, capacity 7320K, committed 7680K, reserved 1056768K
  class space    used 630K, capacity 656K, committed 768K, reserved 1048576K
}
Event: 17.119 GC heap before
{Heap before GC invocations=16 (full 3):
 PSYoungGen      total 277504K, used 245315K [0x00000000eab00000, 0x0000000100000000, 0x0000000100000000)
  eden space 208896K, 100% used [0x00000000eab00000,0x00000000f7700000,0x00000000f7700000)
  from space 68608K, 53% used [0x00000000fbd00000,0x00000000fe090d00,0x0000000100000000)
  to   space 70144K, 0% used [0x00000000f7700000,0x00000000f7700000,0x00000000fbb80000)
 ParOldGen       total 240128K, used 145132K [0x00000000c0000000, 0x00000000cea80000, 0x00000000eab00000)
  object space 240128K, 60% used [0x00000000c0000000,0x00000000c8dbb3b0,0x00000000cea80000)
 Metaspace       used 6633K, capacity 7320K, committed 7680K, reserved 1056768K
  class space    used 630K, capacity 656K, committed 768K, reserved 1048576K
Event: 17.332 GC heap after
Heap after GC invocations=16 (full 3):
 PSYoungGen      total 263680K, used 54416K [0x00000000eab00000, 0x0000000100000000, 0x0000000100000000)
  eden space 208896K, 0% used [0x00000000eab00000,0x00000000eab00000,0x00000000f7700000)
  from space 54784K, 99% used [0x00000000f7700000,0x00000000fac243e8,0x00000000fac80000)
  to   space 75776K, 0% used [0x00000000fb600000,0x00000000fb600000,0x0000000100000000)
 ParOldGen       total 240128K, used 145132K [0x00000000c0000000, 0x00000000cea80000, 0x00000000eab00000)
  object space 240128K, 60% used [0x00000000c0000000,0x00000000c8dbb3b0,0x00000000cea80000)
 Metaspace       used 6633K, capacity 7320K, committed 7680K, reserved 1056768K
  class space    used 630K, capacity 656K, committed 768K, reserved 1048576K
}
Event: 18.555 GC heap before
{Heap before GC invocations=17 (full 3):
 PSYoungGen      total 263680K, used 263312K [0x00000000eab00000, 0x0000000100000000, 0x0000000100000000)
  eden space 208896K, 100% used [0x00000000eab00000,0x00000000f7700000,0x00000000f7700000)
  from space 54784K, 99% used [0x00000000f7700000,0x00000000fac243e8,0x00000000fac80000)
  to   space 75776K, 0% used [0x00000000fb600000,0x00000000fb600000,0x0000000100000000)
 ParOldGen       total 240128K, used 145132K [0x00000000c0000000, 0x00000000cea80000, 0x00000000eab00000)
  object space 240128K, 60% used [0x00000000c0000000,0x00000000c8dbb3b0,0x00000000cea80000)
 Metaspace       used 6645K, capacity 7320K, committed 7680K, reserved 1056768K
  class space    used 630K, capacity 656K, committed 768K, reserved 1048576K
Event: 18.976 GC heap after
Heap after GC invocations=17 (full 3):
 PSYoungGen      total 246784K, used 75753K [0x00000000eab00000, 0x0000000100000000, 0x0000000100000000)
  eden space 171008K, 0% used [0x00000000eab00000,0x00000000eab00000,0x00000000f5200000)
  from space 75776K, 99% used [0x00000000fb600000,0x00000000ffffa4e0,0x0000000100000000)
  to   space 89088K, 0% used [0x00000000f5200000,0x00000000f5200000,0x00000000fa900000)
 ParOldGen       total 240128K, used 148494K [0x00000000c0000000, 0x00000000cea80000, 0x00000000eab00000)
  object space 240128K, 61% used [0x00000000c0000000,0x00000000c91039b0,0x00000000cea80000)
 Metaspace       used 6645K, capacity 7320K, committed 7680K, reserved 1056768K
  class space    used 630K, capacity 656K, committed 768K, reserved 1048576K
}

